
foo.elf:     file format elf32-littlearm


Disassembly of section .text:

00000000 <vector_table>:
   0:	0000abc0 	andeq	sl, r0, r0, asr #23
   4:	00000199 	muleq	r0, r9, r1
	...

00000198 <reset_handler>:

    .section .text
    .align 1
    .type reset_handler, %function
reset_handler:
    mov r1, #0x1
 198:	2101      	movs	r1, #1
    mov r2, #0x2
 19a:	2202      	movs	r2, #2
    add r3, r1, r2
 19c:	188b      	adds	r3, r1, r2
 19e:	f7ff fffe 	bl	19e <reset_handler+0x6>

Disassembly of section .ARM.attributes:

00000000 <.ARM.attributes>:
   0:	00001a41 	andeq	r1, r0, r1, asr #20
   4:	61656100 	cmnvs	r5, r0, lsl #2
   8:	01006962 	tsteq	r0, r2, ror #18
   c:	00000010 	andeq	r0, r0, r0, lsl r0
  10:	4d2d3705 	stcmi	7, cr3, [sp, #-20]!	@ 0xffffffec
  14:	070a0600 	streq	r0, [sl, -r0, lsl #12]
  18:	Address 0x18 is out of bounds.


Disassembly of section .debug_line:

00000000 <.debug_line>:
   0:	00000044 	andeq	r0, r0, r4, asr #32
   4:	00040005 	andeq	r0, r4, r5
   8:	0000002a 	andeq	r0, r0, sl, lsr #32
   c:	fb010102 	blx	4041e <reset_handler+0x40286>
  10:	01000d0e 	tsteq	r0, lr, lsl #26
  14:	00010101 	andeq	r0, r1, r1, lsl #2
  18:	00010000 	andeq	r0, r1, r0
  1c:	01010100 	mrseq	r0, (UNDEF: 17)
  20:	0000011f 	andeq	r0, r0, pc, lsl r1
  24:	01020000 	mrseq	r0, (UNDEF: 2)
  28:	020f021f 	andeq	r0, pc, #-268435455	@ 0xf0000001
  2c:	0000002c 	andeq	r0, r0, ip, lsr #32
  30:	00002c00 	andeq	r2, r0, r0, lsl #24
  34:	05000000 	streq	r0, [r0, #-0]
  38:	00019802 	andeq	r9, r1, r2, lsl #16
  3c:	010a0300 	mrseq	r0, (UNDEF: 58)
  40:	02212121 	eoreq	r2, r1, #1073741832	@ 0x40000008
  44:	01010002 	tsteq	r1, r2

Disassembly of section .debug_line_str:

00000000 <.debug_line_str>:
   0:	726f772f 	rsbvc	r7, pc, #12320768	@ 0xbc0000
   4:	6170736b 	cmnvs	r0, fp, ror #6
   8:	2f736563 	svccs	0x00736563
   c:	63617250 	cmnvs	r1, #80, 4
  10:	65636974 	strbvs	r6, [r3, #-2420]!	@ 0xfffff68c
  14:	4d52412f 	ldfmie	f4, [r2, #-188]	@ 0xffffff44
  18:	726f4320 	rsbvc	r4, pc, #32, 6	@ 0x80000000
  1c:	2d787465 	cfldrdcs	mvd7, [r8, #-404]!	@ 0xfffffe6c
  20:	6353204d 	cmpvs	r3, #77	@ 0x4d
  24:	75646568 	strbvc	r6, [r4, #-1384]!	@ 0xfffffa98
  28:	0072656c 	rsbseq	r6, r2, ip, ror #10
  2c:	2e6f6f66 	cdpcs	15, 6, cr6, cr15, cr6, {3}
  30:	Address 0x30 is out of bounds.


Disassembly of section .debug_info:

00000000 <.debug_info>:
   0:	00000020 	andeq	r0, r0, r0, lsr #32
   4:	04010005 	streq	r0, [r1], #-5
   8:	00000000 	andeq	r0, r0, r0
   c:	00000001 	andeq	r0, r0, r1
  10:	00019800 	andeq	r9, r1, r0, lsl #16
  14:	00000a00 	andeq	r0, r0, r0, lsl #20
  18:	00060000 	andeq	r0, r6, r0
  1c:	00320000 	eorseq	r0, r2, r0
  20:	80010000 	andhi	r0, r1, r0

Disassembly of section .debug_abbrev:

00000000 <.debug_abbrev>:
   0:	10001101 	andne	r1, r0, r1, lsl #2
   4:	12011117 	andne	r1, r1, #-1073741819	@ 0xc0000005
   8:	1b0e030f 	blne	380c4c <reset_handler+0x380ab4>
   c:	130e250e 	movwne	r2, #58638	@ 0xe50e
  10:	00000005 	andeq	r0, r0, r5

Disassembly of section .debug_aranges:

00000000 <.debug_aranges>:
   0:	0000001c 	andeq	r0, r0, ip, lsl r0
   4:	00000002 	andeq	r0, r0, r2
   8:	00040000 	andeq	r0, r4, r0
   c:	00000000 	andeq	r0, r0, r0
  10:	00000198 	muleq	r0, r8, r1
  14:	0000000a 	andeq	r0, r0, sl
	...

Disassembly of section .debug_str:

00000000 <.debug_str>:
   0:	2e6f6f66 	cdpcs	15, 6, cr6, cr15, cr6, {3}
   4:	772f0053 			@ <UNDEFINED> instruction: 0x772f0053
   8:	736b726f 	cmnvc	fp, #-268435450	@ 0xf0000006
   c:	65636170 	strbvs	r6, [r3, #-368]!	@ 0xfffffe90
  10:	72502f73 	subsvc	r2, r0, #460	@ 0x1cc
  14:	69746361 	ldmdbvs	r4!, {r0, r5, r6, r8, r9, sp, lr}^
  18:	412f6563 			@ <UNDEFINED> instruction: 0x412f6563
  1c:	43204d52 			@ <UNDEFINED> instruction: 0x43204d52
  20:	7465726f 	strbtvc	r7, [r5], #-623	@ 0xfffffd91
  24:	204d2d78 	subcs	r2, sp, r8, ror sp
  28:	65686353 	strbvs	r6, [r8, #-851]!	@ 0xfffffcad
  2c:	656c7564 	strbvs	r7, [ip, #-1380]!	@ 0xfffffa9c
  30:	4e470072 	mcrmi	0, 2, r0, cr7, cr2, {3}
  34:	53412055 	movtpl	r2, #4181	@ 0x1055
  38:	342e3220 	strtcc	r3, [lr], #-544	@ 0xfffffde0
  3c:	Address 0x3c is out of bounds.

